<?xml version="1.0" encoding="UTF-8"?>
<testsuites>
  <testsuite name="hello" timestamp="2024-07-08T09:30:08Z" hostname="6d10b8b68b4e" tests="3" skipped="0" failures="0" errors="0" time="0.228">
    <testcase time="0.013" classname="hello" name="hello_works"/>
    <testcase time="0.202" classname="hello" name="hello_cli_works"/>
    <testcase time="0.013" classname="hello" name="fix_me_"/>
  </testsuite>
</testsuites>
